================================================================================
SI POST-PROCESSING COMPARISON
================================================================================

Benchmark              Method                 F1    NRMSE  t0_pred
----------------------------------------------------------------------
D1-BA-SI               none               0.5386   0.1752      0.0  (4s)
                       I-density          0.5095   0.2069     53.3  (2s)
                       BFS-from-S         0.5068   0.2140     53.4  (2s)
                       delta vs none     -0.0318

D1-ER-SI               none               0.5317   0.1831      0.0  (1s)
                       I-density          0.5054   0.2195     52.7  (2s)
                       BFS-from-S         0.5019   0.2240     52.8  (2s)
                       delta vs none     -0.0298

D2-Oregon2-SI          none               0.5130   0.1897      0.0  (18s)
                       I-density          0.4938   0.2373    369.8  (41s)
                       BFS-from-S         0.4854   0.2474    369.8  (42s)
                       delta vs none     -0.0276

D2-Prost-SI            none               0.4739   0.2572      0.0  (34s)
                       I-density          0.5032   0.2338    472.3  (67s)
                       BFS-from-S         0.4918   0.2474    471.9  (75s)
                       delta vs I-density  -0.0114

Done!
